<?xml version="1.0" encoding="UTF-8"?>
<!-- Generated by org.testng.reporters.JUnitReportReporter -->
<testsuite hostname="ADMIN" failures="0" tests="1" name="tests.MusicLoverPageTest" time="33.893" errors="0" timestamp="2023-09-28T17:02:24 ICT" skipped="0">
  <testcase classname="tests.MusicLoverPageTest" name="testMusicPage" time="33.893"/>
</testsuite> <!-- tests.MusicLoverPageTest -->
