<?xml version="1.0" encoding="UTF-8"?>
<!-- Generated by org.testng.reporters.JUnitReportReporter -->
<testsuite hostname="ADMIN" failures="0" tests="1" name="tests.PhonePageTest" time="28.846" errors="0" timestamp="2023-09-28T17:05:28 ICT" skipped="0">
  <testcase classname="tests.PhonePageTest" name="testPhonePage" time="28.846"/>
</testsuite> <!-- tests.PhonePageTest -->
