<?xml version="1.0" encoding="UTF-8"?>
<!-- Generated by org.testng.reporters.JUnitReportReporter -->
<testsuite hostname="ADMIN" failures="0" tests="1" name="tests.ActionBlocksPageTest" time="61.030" errors="0" timestamp="2023-11-01T18:14:48 ICT" skipped="0">
  <testcase classname="tests.ActionBlocksPageTest" name="testAddActionClearLog" time="61.030"/>
</testsuite> <!-- tests.ActionBlocksPageTest -->
