<?xml version="1.0" encoding="UTF-8"?>
<!-- Generated by org.testng.reporters.JUnitReportReporter -->
<testsuite hostname="ADMIN" failures="0" tests="1" name="tests.CrushPageTest" time="27.601" errors="0" timestamp="2023-09-28T17:01:26 ICT" skipped="0">
  <testcase classname="tests.CrushPageTest" name="testCrushPage" time="27.601"/>
</testsuite> <!-- tests.CrushPageTest -->
