<?xml version="1.0" encoding="UTF-8"?>
<!-- Generated by org.testng.reporters.JUnitReportReporter -->
<testsuite hostname="ADMIN" failures="0" tests="1" name="tests.AddMarcoPageTest" time="70.529" errors="0" timestamp="2023-11-01T18:26:49 ICT" skipped="0">
  <testcase classname="tests.AddMarcoPageTest" name="testMarcoPage" time="70.529"/>
</testsuite> <!-- tests.AddMarcoPageTest -->
