<?xml version="1.0" encoding="UTF-8"?>
<!-- Generated by org.testng.reporters.JUnitReportReporter -->
<testsuite hostname="ADMIN" failures="0" tests="1" name="tests.LoginPageTest" time="9.285" errors="0" timestamp="2023-09-24T19:11:55 ICT" skipped="0">
  <testcase classname="tests.LoginPageTest" name="testLoginPage" time="9.285"/>
</testsuite> <!-- tests.LoginPageTest -->
